[2020-07-03T05:01:48.676Z] info Server Running
[2020-07-03T05:05:28.180Z] info Server Running
[2020-07-03T05:06:06.365Z] info Server Running
[2020-07-03T05:06:27.608Z] info Server Running
[2020-07-03T05:09:27.543Z] info Server Running
[2020-07-03T05:11:47.331Z] info Server Running
[2020-07-03T05:13:11.441Z] info Server Running
[2020-07-03T05:14:02.166Z] info Server Running
[2020-07-03T05:14:40.797Z] info Server Running
[2020-07-03T05:15:36.388Z] info Server Running
[2020-07-03T05:16:19.748Z] info Server Running
[2020-07-03T05:20:14.152Z] info Server Running
[2020-07-03T05:20:27.452Z] info Server Running
[2020-07-03T05:28:25.492Z] info Server Running
[2020-07-03T05:33:00.878Z] info Server Running
[2020-07-03T05:35:24.332Z] info Server Running
[2020-07-03T05:35:41.321Z] info Server Running
[2020-07-03T05:37:21.357Z] info Server Running
[2020-07-03T05:46:31.409Z] info Server Running
[2020-07-03T05:48:33.149Z] info Server Running
[2020-07-03T05:49:08.648Z] info Server Running
[2020-07-03T05:52:59.490Z] info Server Running
[2020-07-03T05:58:41.752Z] info Server Running
[2020-07-03T06:00:32.389Z] info Server Running
[2020-07-03T06:02:55.870Z] info Server Running
[2020-07-03T06:03:42.763Z] info Server Running
[2020-07-03T06:05:13.512Z] info Server Running
[2020-07-03T06:05:53.899Z] info Server Running
[2020-07-03T06:06:06.265Z] info Server Running
[2020-07-03T06:07:39.026Z] info Server Running
[2020-07-03T06:09:03.363Z] info Server Running
[2020-07-03T06:12:07.042Z] info Server Running
[2020-07-03T06:12:33.351Z] info Server Running
[2020-07-03T06:15:33.238Z] info Server Running
[2020-07-03T06:17:31.770Z] info Server Running
[2020-07-03T06:24:21.649Z] info Server Running
[2020-07-03T06:25:47.531Z] info Server Running
[2020-07-03T06:33:30.812Z] info Server Running
[2020-07-03T06:35:49.289Z] info Server Running
[2020-07-03T06:36:44.577Z] info Server Running
[2020-07-03T06:37:00.632Z] info Server Running
[2020-07-03T06:43:31.128Z] info Server Running
[2020-07-03T06:53:36.882Z] info Server Running
[2020-07-03T06:57:04.126Z] info Server Running
[2020-07-03T06:57:38.836Z] info Server Running
[2020-07-03T07:03:32.433Z] info Server Running
[2020-07-03T07:04:11.250Z] info Server Running
[2020-07-03T07:04:31.974Z] info Server Running
[2020-07-03T07:06:06.186Z] info Server Running
[2020-07-03T07:07:41.680Z] info Server Running
[2020-07-03T07:07:45.862Z] info Server Running
[2020-07-03T07:13:52.277Z] info Server Running
[2020-07-03T07:15:05.563Z] info Server Running
[2020-07-03T07:18:48.152Z] info Server Running
[2020-07-03T07:19:09.277Z] info Server Running
[2020-07-03T07:19:37.486Z] info Server Running
[2020-07-03T07:21:09.890Z] info Server Running
[2020-07-03T07:24:48.768Z] info Server Running
[2020-07-03T07:26:17.361Z] info Server Running
[2020-07-03T07:29:10.827Z] info Server Running
[2020-07-03T07:29:55.531Z] info Server Running
[2020-07-03T07:30:45.186Z] info Server Running
[2020-07-03T07:31:07.972Z] info Server Running
[2020-07-03T07:31:23.325Z] error The users profile patxi@gmail.com has not been created
[2020-07-03T07:31:23.340Z] info The organizer profile patxi@gmail.com has been created
[2020-07-03T07:33:22.037Z] info Server Running
[2020-07-03T07:34:39.808Z] error The users profile julen@gmail.com has not been created
[2020-07-03T07:34:39.818Z] error The organizer profile julen@gmail.com has not been created
[2020-07-03T07:37:31.439Z] info Server Running
[2020-07-03T07:37:53.770Z] error The users profile perico@gmail.com has not been created
[2020-07-03T07:37:53.783Z] error The organizer profile perico@gmail.com has not been created
[2020-07-03T07:43:24.809Z] info Server Running
[2020-07-03T07:43:42.597Z] error The users profile camacho@gmail.com has not been created
[2020-07-03T07:43:42.610Z] error The organizer profile camacho@gmail.com has not been created
[2020-07-03T07:44:40.405Z] info Server Running
[2020-07-03T07:45:16.900Z] error The users profile pericolopez@gmail.com has not been created
[2020-07-03T07:45:16.909Z] error The organizer profile pericolopez@gmail.com has not been created
[2020-07-03T07:47:12.557Z] info Server Running
[2020-07-03T07:47:39.665Z] error The users profile franmurcia@gmail.com has not been created
[2020-07-03T07:47:39.675Z] error The organizer profile franmurcia@gmail.com has not been created
[2020-07-03T07:53:52.850Z] info Server Running
[2020-07-03T07:54:37.401Z] info Server Running
[2020-07-03T07:55:07.742Z] error The users profile frang@gmail.com has not been created
[2020-07-03T07:55:07.755Z] error The organizer profile frang@gmail.com has not been created
[2020-07-03T07:56:54.062Z] info Server Running
[2020-07-03T07:57:36.635Z] error The users profile pericogarcilaso@gmail.com has not been created
[2020-07-03T07:57:36.649Z] error The organizer profile pericogarcilaso@gmail.com has not been created
[2020-07-03T07:59:59.525Z] info Server Running
[2020-07-03T08:00:21.343Z] error The users profile eusebio@gmail.com has not been created
[2020-07-03T08:00:21.350Z] error The organizer profile eusebio@gmail.com has not been created
[2020-07-03T08:02:54.994Z] info Server Running
[2020-07-03T08:03:10.209Z] info Server Running
[2020-07-03T08:03:59.491Z] info Server Running
[2020-07-03T08:04:55.217Z] info Server Running
[2020-07-03T08:05:22.694Z] info Server Running
[2020-07-03T08:07:13.836Z] info Server Running
[2020-07-03T08:09:32.680Z] info Server Running
[2020-07-03T08:09:50.991Z] info The user profile parapa@gmail.com has been created
[2020-07-03T08:10:23.321Z] info Server Running
[2020-07-03T08:10:35.531Z] info The user profile fiummm@gmail.com has been created
[2020-07-03T08:10:35.536Z] info The organizer profile fiummm@gmail.com has been created
[2020-07-03T08:12:39.992Z] info Server Running
[2020-07-03T08:14:02.707Z] info Server Running
[2020-07-03T08:14:19.118Z] info The user profile piriririr@gmail.com has been created
[2020-07-03T08:14:19.125Z] info The organizer profile piriririr@gmail.com has been created
[2020-07-03T08:31:29.943Z] info Server Running
[2020-07-03T08:32:45.457Z] info The user profile pinpan@gmail.com has been created
[2020-07-03T08:35:45.232Z] info Server Running
[2020-07-03T08:41:34.058Z] info The user profile raullopez@gmail.com has been created
[2020-07-03T08:41:34.065Z] info The organizer profile raullopez@gmail.com has been created
[2020-07-03T08:50:30.423Z] info Server Running
[2020-07-03T08:50:33.793Z] info Server Running
[2020-07-03T09:28:42.758Z] info Server Running
[2020-07-03T09:33:27.145Z] info Server Running
[2020-07-03T09:34:23.605Z] info Server Running
[2020-07-03T09:35:55.874Z] info Server Running
[2020-07-03T09:38:39.760Z] info Server Running
[2020-07-03T10:04:20.769Z] info Server Running
[2020-07-03T10:05:33.489Z] info Server Running
[2020-07-03T10:07:02.002Z] info Server Running
[2020-07-03T10:10:08.204Z] info The user profile raullopezhernando@@gmail.com has been created
[2020-07-03T10:10:08.211Z] info The organizer profile raullopezhernando@@gmail.com has been created
[2020-07-03T10:10:29.809Z] info The user profile raullopezhernando@gmail.com has been created
[2020-07-03T10:10:29.814Z] info The organizer profile raullopezhernando@gmail.com has been created
[2020-07-03T10:13:37.409Z] info Server Running
[2020-07-03T10:17:07.338Z] info Server Running
[2020-07-03T10:18:52.668Z] info Server Running
[2020-07-03T10:21:40.054Z] info Server Running
[2020-07-03T10:22:33.786Z] info Server Running
[2020-07-03T10:25:21.437Z] info The user profile raullopezhernando@gmail.com has been created
[2020-07-03T10:25:21.441Z] info The organizer profile raullopezhernando@gmail.com has been created
[2020-07-03T10:26:23.717Z] info Server Running
[2020-07-03T10:31:13.759Z] info Server Running
[2020-07-03T10:35:01.245Z] info Server Running
[2020-07-03T10:35:46.624Z] info Server Running
[2020-07-03T10:40:30.648Z] info Server Running
[2020-07-03T10:43:43.793Z] info Server Running
[2020-07-03T10:45:17.917Z] info Server Running
[2020-07-03T10:47:35.408Z] info Server Running
[2020-07-03T10:48:47.833Z] info Server Running
[2020-07-03T10:50:43.068Z] info Server Running
[2020-07-03T10:50:44.235Z] info The user profile pituso@gmail.com has been created
[2020-07-03T10:50:44.240Z] info The organizer profile pituso@gmail.com has been created
[2020-07-03T10:52:21.312Z] info Server Running
[2020-07-03T10:53:00.020Z] info The user profile palomino@gmail.com has been created
[2020-07-03T11:07:49.097Z] info Server Running
[2020-07-03T11:08:39.828Z] info Server Running
[2020-07-03T11:13:01.304Z] info Server Running
[2020-07-03T11:14:03.260Z] info Server Running
[2020-07-03T11:20:55.701Z] info Server Running
[2020-07-03T11:21:36.212Z] info Server Running
[2020-07-03T11:21:53.540Z] info Server Running
[2020-07-03T11:22:18.060Z] info Server Running
[2020-07-03T11:22:45.427Z] info Server Running
[2020-07-03T11:24:28.542Z] info Server Running
[2020-07-03T11:26:26.027Z] info Server Running
[2020-07-03T11:26:37.729Z] info Server Running
[2020-07-03T11:27:13.751Z] info Server Running
[2020-07-03T11:27:36.129Z] info Server Running
[2020-07-03T11:28:02.425Z] info Server Running
[2020-07-03T11:30:12.211Z] info Server Running
[2020-07-03T11:32:36.066Z] info Server Running
[2020-07-03T11:33:05.607Z] info Server Running
[2020-07-03T11:33:45.261Z] info Server Running
[2020-07-03T11:49:41.354Z] info Server Running
[2020-07-03T11:50:24.592Z] info Server Running
[2020-07-03T11:51:50.818Z] info Server Running
[2020-07-03T11:56:13.465Z] info Server Running
[2020-07-03T11:56:55.994Z] info Server Running
[2020-07-03T11:57:28.179Z] info Server Running
[2020-07-03T11:57:46.490Z] info Server Running
[2020-07-03T12:15:35.643Z] info Server Running
[2020-07-03T12:17:45.490Z] info Server Running
[2020-07-03T12:18:09.068Z] info Server Running
[2020-07-03T12:18:35.810Z] info Server Running
[2020-07-03T12:19:49.772Z] info Server Running
[2020-07-03T12:19:57.340Z] info Server Running
[2020-07-03T12:21:00.977Z] info Server Running
[2020-07-03T12:24:47.801Z] info Server Running
[2020-07-03T14:37:39.727Z] info Server Running
[2020-07-03T14:39:42.027Z] info Server Running
[2020-07-03T14:46:38.436Z] info Server Running
[2020-07-03T14:47:32.655Z] info Server Running
[2020-07-03T14:48:24.644Z] info Server Running
[2020-07-03T14:49:04.003Z] info Server Running
[2020-07-03T14:50:10.808Z] info Server Running
[2020-07-03T14:51:47.842Z] info Server Running
[2020-07-03T15:00:05.600Z] info Server Running
[2020-07-03T15:01:02.205Z] info Server Running
[2020-07-03T15:04:33.774Z] info Server Running
[2020-07-03T15:07:09.484Z] info Server Running
[2020-07-03T15:08:57.086Z] info Server Running
[2020-07-03T15:09:29.000Z] info Server Running
[2020-07-03T15:10:00.289Z] info Server Running
[2020-07-03T15:10:34.202Z] info Server Running
[2020-07-03T15:13:06.093Z] info Server Running
[2020-07-03T15:13:32.164Z] info Server Running
[2020-07-03T15:13:40.125Z] info Server Running
[2020-07-03T15:15:39.602Z] info Server Running
[2020-07-03T15:22:08.356Z] info Server Running
[2020-07-03T15:22:23.546Z] info Server Running
[2020-07-03T15:25:35.555Z] info Server Running
[2020-07-03T15:27:57.230Z] info Server Running
[2020-07-03T15:28:52.656Z] info Server Running
[2020-07-03T15:33:08.256Z] info Server Running
[2020-07-03T15:36:15.464Z] info Server Running
[2020-07-03T15:37:28.650Z] info Server Running
[2020-07-03T15:37:48.051Z] info Server Running
[2020-07-03T15:38:00.233Z] info Server Running
[2020-07-03T15:39:03.994Z] info Server Running
[2020-07-03T15:39:53.878Z] info Server Running
[2020-07-03T15:42:25.756Z] info Server Running
[2020-07-03T15:43:12.114Z] info Server Running
[2020-07-03T15:44:02.290Z] info Server Running
[2020-07-03T15:44:21.855Z] info Server Running
[2020-07-03T15:47:51.539Z] info Server Running
[2020-07-03T15:48:52.538Z] info Server Running
[2020-07-03T15:49:03.056Z] info Server Running
[2020-07-03T15:49:41.586Z] info Server Running
[2020-07-03T15:50:22.811Z] info Server Running
[2020-07-03T15:50:38.744Z] info Server Running
[2020-07-03T15:52:59.867Z] info Server Running
[2020-07-03T15:55:14.002Z] info Server Running
[2020-07-03T15:55:35.326Z] info Server Running
[2020-07-03T15:56:15.353Z] info Server Running
[2020-07-03T15:56:34.044Z] info Server Running
[2020-07-03T15:57:32.310Z] info Server Running
[2020-07-03T15:57:36.856Z] info Server Running
[2020-07-03T15:58:17.249Z] info Server Running
[2020-07-03T15:58:44.839Z] info Server Running
[2020-07-03T16:00:07.861Z] info Server Running
[2020-07-03T16:00:57.009Z] info Server Running
[2020-07-03T16:01:06.395Z] info Server Running
[2020-07-03T16:02:16.261Z] info Server Running
[2020-07-03T16:02:49.862Z] info Server Running
[2020-07-03T16:03:05.510Z] info Server Running
[2020-07-03T16:04:20.092Z] info Server Running
[2020-07-03T16:05:43.075Z] info Server Running
[2020-07-03T16:11:19.261Z] info Server Running
[2020-07-03T16:16:26.119Z] info Server Running
[2020-07-03T16:20:46.039Z] info Server Running
[2020-07-03T16:22:03.172Z] info Server Running
[2020-07-03T16:25:13.758Z] info Server Running
[2020-07-03T16:31:34.495Z] info Server Running
[2020-07-03T16:33:19.443Z] info Server Running
[2020-07-03T16:33:51.147Z] info Server Running
[2020-07-03T16:35:00.237Z] info Server Running
[2020-07-03T16:35:15.110Z] info Server Running
[2020-07-03T16:38:01.242Z] info Server Running
[2020-07-03T16:39:04.950Z] info Server Running
[2020-07-03T16:39:54.580Z] info Server Running
[2020-07-03T16:41:15.224Z] info Server Running
[2020-07-03T16:42:06.565Z] info Server Running
[2020-07-03T16:42:58.841Z] info Server Running
[2020-07-03T16:43:44.084Z] info Server Running
[2020-07-03T16:47:30.215Z] info Server Running
[2020-07-03T16:48:49.001Z] info Server Running
[2020-07-03T16:49:13.695Z] info Server Running
[2020-07-03T16:49:46.600Z] info Server Running
[2020-07-03T16:51:30.508Z] info Server Running
[2020-07-03T16:53:05.492Z] info Server Running
[2020-07-03T16:54:25.799Z] info Server Running
[2020-07-03T16:58:08.611Z] info Server Running
[2020-07-03T16:58:48.752Z] info Server Running
[2020-07-03T16:59:13.840Z] info Server Running
[2020-07-03T16:59:29.822Z] info Server Running
[2020-07-03T16:59:58.418Z] info Server Running
[2020-07-03T17:00:05.235Z] info Server Running
[2020-07-03T17:01:40.794Z] info Server Running
[2020-07-03T17:02:01.472Z] info Server Running
[2020-07-03T17:02:44.863Z] info Server Running
[2020-07-03T17:03:51.333Z] info Server Running
[2020-07-03T17:04:25.008Z] info Server Running
[2020-07-03T17:08:45.028Z] info Server Running
[2020-07-03T17:10:01.480Z] info The user profile raullopezhernando@gmail.com has been created
[2020-07-03T17:10:01.489Z] info The organizer profile raullopezhernando@gmail.com has been created
[2020-07-03T17:10:52.706Z] info The user profile itxasolibano@gmail.com has been created
[2020-07-03T17:10:52.711Z] info The organizer profile itxasolibano@gmail.com has been created
[2020-07-03T17:11:49.192Z] info The user profile jasonehernando@gmail.com has been created
[2020-07-03T17:14:40.607Z] info Server Running
[2020-07-03T17:17:02.738Z] info Server Running
[2020-07-03T17:17:05.023Z] info Server Running
[2020-07-03T17:17:37.259Z] info Server Running
[2020-07-03T17:18:04.374Z] info Server Running
[2020-07-03T17:18:25.140Z] info Server Running
[2020-07-03T17:18:38.054Z] info Server Running
[2020-07-03T17:19:45.252Z] info Server Running
[2020-07-03T17:20:28.739Z] info Server Running
[2020-07-03T17:21:23.161Z] info Server Running
[2020-07-03T17:21:50.960Z] info Server Running
[2020-07-03T17:22:40.525Z] info Server Running
[2020-07-03T17:23:52.024Z] info Server Running
[2020-07-03T17:24:14.010Z] info Server Running
[2020-07-03T17:25:42.324Z] info Server Running
[2020-07-03T17:26:45.827Z] info Server Running
[2020-07-03T17:27:17.114Z] info Server Running
[2020-07-03T17:27:55.077Z] info Server Running
[2020-07-03T17:28:41.085Z] info Server Running
[2020-07-03T17:31:29.637Z] info Server Running
[2020-07-03T17:32:56.429Z] info Server Running
[2020-07-03T17:33:39.425Z] info Server Running
[2020-07-03T17:33:59.809Z] info Server Running
[2020-07-03T17:34:07.200Z] info Server Running
[2020-07-03T17:34:13.163Z] info Server Running
[2020-07-03T17:34:17.958Z] info Server Running
[2020-07-03T17:34:54.374Z] info Server Running
[2020-07-03T17:36:26.608Z] info Server Running
[2020-07-03T17:38:17.259Z] info Server Running
[2020-07-03T17:39:18.336Z] info Server Running
[2020-07-03T17:39:58.626Z] info Server Running
[2020-07-03T18:09:35.381Z] info Server Running
[2020-07-03T18:34:24.648Z] info Server Running
[2020-07-03T18:44:55.933Z] info Server Running
[2020-07-03T18:51:53.305Z] info Server Running
[2020-07-04T04:46:06.592Z] info Server Running
[2020-07-04T04:46:57.732Z] info The validation of register fields was successful
[2020-07-04T04:51:21.948Z] info Server Running
[2020-07-04T04:51:28.342Z] info The validation of register fields was successful
[2020-07-04T04:53:55.767Z] info Server Running
[2020-07-04T04:53:58.330Z] info The validation of register fields was successful
[2020-07-04T04:56:15.232Z] info Server Running
[2020-07-04T04:56:22.104Z] info The validation of register fields was successful
[2020-07-04T04:58:35.637Z] info Server Running
[2020-07-04T04:58:45.526Z] info The validation of register fields was successful
[2020-07-04T05:00:13.462Z] info Server Running
[2020-07-04T05:00:17.492Z] info The validation of register fields was successful
[2020-07-04T05:01:52.992Z] info Server Running
[2020-07-04T05:01:55.795Z] info The validation of register fields was successful
[2020-07-04T05:02:51.762Z] info Server Running
[2020-07-04T05:02:55.925Z] info The validation of register fields was successful
[2020-07-04T05:04:25.711Z] info Server Running
[2020-07-04T05:04:26.685Z] info The validation of register fields was successful
[2020-07-04T05:04:32.146Z] info Server Running
[2020-07-04T05:04:34.262Z] info The validation of register fields was successful
[2020-07-04T05:05:33.131Z] info Server Running
[2020-07-04T05:05:35.031Z] info The validation of register fields was successful
[2020-07-04T05:05:56.738Z] info Server Running
[2020-07-04T05:06:23.545Z] info Server Running
[2020-07-04T05:06:25.841Z] info The validation of register fields was successful
[2020-07-04T05:07:21.147Z] info Server Running
[2020-07-04T05:07:23.676Z] info The validation of register fields was successful
[2020-07-04T05:07:35.220Z] info Server Running
[2020-07-04T05:08:21.021Z] info Server Running
[2020-07-04T05:08:22.494Z] info The validation of register fields was successful
[2020-07-04T05:12:01.236Z] info Server Running
[2020-07-04T05:12:04.504Z] info The validation of register fields was successful
[2020-07-04T05:13:54.087Z] info Server Running
[2020-07-04T05:14:00.851Z] info The validation of register fields was successful
[2020-07-04T05:16:40.939Z] info Server Running
[2020-07-04T05:16:51.534Z] info The validation of register fields was successful
[2020-07-04T05:17:40.697Z] info Server Running
[2020-07-04T05:17:43.091Z] info The validation of register fields was successful
[2020-07-04T05:18:02.446Z] info Server Running
[2020-07-04T05:18:04.354Z] info The validation of register fields was successful
[2020-07-04T05:20:45.428Z] info Server Running
[2020-07-04T05:20:50.418Z] info The validation of register fields was successful
[2020-07-04T05:21:48.635Z] info Server Running
[2020-07-04T05:21:56.817Z] info The validation of register fields was successful
[2020-07-04T05:22:37.728Z] info Server Running
[2020-07-04T05:22:40.483Z] info The validation of register fields was successful
[2020-07-04T05:27:08.241Z] info Server Running
[2020-07-04T05:27:10.995Z] info The validation of register fields was successful
[2020-07-04T05:27:51.534Z] info Server Running
[2020-07-04T05:30:39.400Z] info Server Running
[2020-07-04T05:31:12.455Z] info Server Running
[2020-07-04T05:35:18.552Z] info Server Running
[2020-07-04T05:35:39.758Z] info The validation of register fields was successful
[2020-07-04T05:35:58.572Z] info Server Running
[2020-07-04T05:36:00.150Z] info The validation of register fields was successful
[2020-07-04T05:36:27.905Z] info Server Running
[2020-07-04T05:36:31.031Z] info The validation of register fields was successful
[2020-07-04T05:41:44.337Z] info Server Running
[2020-07-04T05:41:47.624Z] info The validation of register fields was successful
[2020-07-04T05:43:24.943Z] info Server Running
[2020-07-04T05:43:43.711Z] info Server Running
[2020-07-04T05:43:47.156Z] info The validation of register fields was successful
[2020-07-04T05:44:44.541Z] info Server Running
[2020-07-04T05:44:46.208Z] info The validation of register fields was successful
[2020-07-04T05:45:15.958Z] info Server Running
[2020-07-04T05:45:28.320Z] info Server Running
[2020-07-04T05:45:30.111Z] info The validation of register fields was successful
[2020-07-04T05:45:47.048Z] info Server Running
[2020-07-04T05:45:48.710Z] info The validation of register fields was successful
[2020-07-04T05:45:48.752Z] info The meetup Charlas de Ingles has been created
[2020-07-04T05:56:52.644Z] info Server Running
[2020-07-04T05:57:40.094Z] info Server Running
[2020-07-04T05:58:25.213Z] info Server Running
[2020-07-04T05:59:50.874Z] info Server Running
[2020-07-04T06:05:27.315Z] info Server Running
[2020-07-04T06:05:39.605Z] info The validation of register fields was successful
[2020-07-04T06:05:39.672Z] info The meetup Charlas de Ingles has been created
[2020-07-04T06:06:42.494Z] info The validation of register fields was successful
[2020-07-04T06:06:42.508Z] info The meetup Charlas de Frances has been created
[2020-07-04T06:08:59.592Z] info Server Running
[2020-07-04T06:10:03.559Z] info Server Running
[2020-07-04T06:11:24.290Z] info Server Running
[2020-07-04T06:17:40.172Z] info Server Running
[2020-07-04T06:19:59.107Z] info Server Running
[2020-07-04T06:20:21.123Z] info Server Running
[2020-07-04T06:20:58.380Z] info Server Running
[2020-07-04T06:21:42.996Z] info Server Running
[2020-07-04T06:22:34.936Z] info Server Running
[2020-07-04T06:25:10.901Z] info Server Running
[2020-07-04T06:25:27.195Z] info Server Running
[2020-07-04T06:26:13.402Z] info The validation of register fields was successful
[2020-07-04T06:26:13.423Z] info The meetup Charlas de Frances has been created
[2020-07-04T06:27:14.798Z] info The validation of register fields was successful
[2020-07-04T06:27:14.815Z] info The meetup Charlas de iNGLES has been created
[2020-07-04T06:29:36.665Z] info Server Running
[2020-07-04T06:30:53.524Z] info Server Running
[2020-07-04T07:16:06.496Z] info Server Running
[2020-07-04T07:17:36.822Z] info Server Running
[2020-07-04T07:18:00.194Z] info Server Running
[2020-07-04T07:21:32.824Z] info Server Running
[2020-07-04T07:21:52.260Z] info Server Running
[2020-07-04T07:23:21.789Z] info Server Running
[2020-07-04T07:32:47.482Z] info Server Running
[2020-07-04T07:33:52.431Z] info Server Running
[2020-07-04T07:42:39.858Z] info Server Running
[2020-07-04T07:44:30.085Z] info Server Running
[2020-07-04T07:45:21.096Z] info Server Running
[2020-07-04T08:06:47.129Z] info Server Running
[2020-07-04T08:07:49.529Z] info Server Running
[2020-07-04T08:09:03.501Z] info Server Running
[2020-07-04T08:10:48.821Z] info Server Running
[2020-07-04T08:12:23.117Z] info Server Running
[2020-07-04T08:14:19.014Z] info Server Running
[2020-07-04T08:15:19.955Z] info Server Running
[2020-07-04T08:15:37.318Z] info Server Running
[2020-07-04T08:16:07.572Z] info Server Running
[2020-07-04T08:16:29.487Z] info Server Running
[2020-07-04T08:17:30.376Z] info Server Running
[2020-07-04T08:17:55.738Z] info Server Running
[2020-07-04T08:19:04.020Z] info Server Running
[2020-07-04T08:19:22.223Z] info Server Running
[2020-07-04T08:20:39.227Z] info Server Running
[2020-07-04T08:22:07.555Z] info Server Running
[2020-07-04T08:23:00.990Z] info Server Running
[2020-07-04T08:23:38.309Z] info Server Running
[2020-07-04T08:23:55.365Z] info Server Running
[2020-07-04T08:24:04.492Z] info Server Running
[2020-07-04T09:26:27.419Z] info Server Running
[2020-07-04T09:27:56.176Z] info Server Running
[2020-07-04T09:30:37.526Z] info Server Running
[2020-07-04T09:31:01.626Z] info Server Running
[2020-07-04T09:31:45.917Z] info Server Running
[2020-07-04T09:33:38.759Z] info Server Running
[2020-07-04T09:35:01.053Z] info Server Running
[2020-07-04T09:35:22.213Z] info Server Running
[2020-07-04T09:35:28.139Z] info Server Running
[2020-07-04T09:35:56.315Z] info Server Running
[2020-07-04T09:37:16.000Z] info Server Running
[2020-07-04T09:39:58.315Z] info Server Running
[2020-07-04T09:40:47.614Z] info Server Running
[2020-07-04T09:40:54.069Z] info Server Running
[2020-07-04T09:41:05.524Z] info Server Running
[2020-07-04T09:41:20.151Z] info Server Running
[2020-07-04T09:41:43.240Z] info Server Running
[2020-07-04T09:42:38.310Z] info Server Running
[2020-07-04T09:43:51.745Z] info Server Running
[2020-07-04T09:44:41.262Z] info Server Running
[2020-07-04T09:45:21.701Z] info Server Running
[2020-07-04T09:48:33.704Z] info Server Running
[2020-07-04T09:49:11.079Z] info Server Running
[2020-07-04T10:36:40.129Z] info Server Running
[2020-07-05T05:34:37.140Z] info Server Running
[2020-07-05T05:35:41.202Z] info Server Running
[2020-07-05T05:35:48.859Z] info Server Running
[2020-07-05T05:36:21.664Z] info Server Running
[2020-07-05T05:38:18.196Z] info Server Running
[2020-07-05T05:43:42.024Z] info Server Running
[2020-07-05T05:46:02.087Z] info Server Running
[2020-07-05T05:48:06.973Z] info Server Running
[2020-07-05T05:52:28.252Z] info Server Running
[2020-07-05T05:52:44.540Z] info Server Running
[2020-07-05T05:52:47.413Z] info Server Running
[2020-07-05T05:55:10.718Z] info Server Running
[2020-07-05T05:56:10.349Z] info Server Running
[2020-07-05T05:56:55.761Z] info Server Running
[2020-07-05T06:02:08.106Z] info Server Running
[2020-07-05T06:03:12.682Z] info Server Running
[2020-07-05T06:05:03.082Z] info Server Running
[2020-07-05T06:05:30.593Z] info Server Running
[2020-07-05T06:06:56.389Z] info Server Running
[2020-07-05T06:09:19.590Z] info Server Running
[2020-07-05T06:10:29.996Z] info Server Running
[2020-07-05T06:10:54.978Z] info Server Running
[2020-07-05T06:13:26.820Z] info Server Running
[2020-07-05T06:15:41.662Z] info Server Running
[2020-07-05T06:16:50.635Z] info Server Running
[2020-07-05T06:17:24.218Z] info Server Running
[2020-07-05T06:18:10.227Z] info Server Running
[2020-07-05T06:19:52.854Z] info Server Running
[2020-07-05T06:20:55.179Z] info Server Running
[2020-07-05T06:21:47.284Z] info Server Running
[2020-07-05T06:22:57.419Z] info Server Running
[2020-07-05T06:23:14.213Z] info Server Running
[2020-07-05T06:24:24.808Z] info Server Running
[2020-07-05T06:24:53.686Z] info Server Running
[2020-07-05T06:25:28.705Z] info Server Running
[2020-07-05T06:28:14.178Z] info Server Running
[2020-07-05T06:41:52.903Z] info Server Running
[2020-07-05T06:42:20.637Z] info Server Running
[2020-07-05T06:43:18.944Z] info Server Running
[2020-07-05T06:43:22.292Z] info Server Running
[2020-07-05T06:44:02.475Z] info Server Running
[2020-07-05T06:45:43.386Z] info Server Running
[2020-07-05T06:46:17.482Z] info Server Running
[2020-07-05T06:46:25.341Z] info Server Running
[2020-07-05T06:46:44.619Z] info Server Running
[2020-07-05T06:47:37.507Z] info Server Running
[2020-07-05T06:48:14.846Z] info Server Running
[2020-07-05T06:49:17.050Z] info Server Running
[2020-07-05T06:51:02.112Z] info Server Running
[2020-07-05T06:53:10.405Z] info Server Running
[2020-07-05T07:23:10.991Z] info Server Running
[2020-07-05T07:25:33.104Z] info Server Running
[2020-07-05T07:25:41.373Z] info Server Running
[2020-07-05T07:26:10.081Z] info Server Running
[2020-07-05T07:27:14.852Z] info Server Running
[2020-07-05T08:08:09.027Z] info Server Running
[2020-07-05T08:09:29.070Z] info The user profile raullopezhernando@gmail.com has been created
[2020-07-05T08:09:29.078Z] info The organizer profile raullopezhernando@gmail.com has been created
[2020-07-05T08:11:47.744Z] info Server Running
[2020-07-05T08:12:57.930Z] info Server Running
[2020-07-05T08:14:14.120Z] info Server Running
[2020-07-05T08:15:34.484Z] info Server Running
[2020-07-05T08:16:03.977Z] info The user profile itxasolibano@gmail.com has been created
[2020-07-05T08:16:03.984Z] info The organizer profile itxasolibano@gmail.com has been created
[2020-07-05T08:21:10.694Z] info Server Running
[2020-07-05T08:21:40.962Z] info Server Running
[2020-07-05T08:25:00.156Z] info Server Running
[2020-07-05T08:25:49.266Z] info Server Running
[2020-07-05T08:26:34.490Z] info Server Running
[2020-07-05T08:26:50.760Z] info Server Running
[2020-07-05T08:26:59.907Z] info The user profile itxasolibano@gmail.com has been created
[2020-07-05T08:26:59.917Z] info The organizer profile itxasolibano@gmail.com has been created
[2020-07-05T08:37:49.220Z] info Server Running
[2020-07-05T08:38:42.879Z] info Server Running
[2020-07-05T08:39:43.990Z] info Server Running
[2020-07-05T08:41:14.743Z] info Server Running
[2020-07-05T08:45:34.873Z] info Server Running
[2020-07-05T08:45:39.232Z] info Server Running
[2020-07-05T08:48:30.582Z] info Server Running
[2020-07-05T10:37:45.617Z] info Server Running
[2020-07-05T10:38:25.356Z] info Server Running
[2020-07-05T10:39:58.854Z] info Server Running
[2020-07-05T10:42:23.270Z] info Server Running
[2020-07-05T10:43:26.115Z] info Server Running
[2020-07-05T10:44:05.362Z] info Server Running
[2020-07-05T10:44:48.753Z] info Server Running
[2020-07-05T10:56:49.153Z] info Server Running
[2020-07-05T10:59:44.720Z] info Server Running
[2020-07-05T10:59:57.123Z] info Server Running
[2020-07-05T11:06:10.510Z] info Server Running
[2020-07-05T11:06:38.551Z] info Server Running
[2020-07-05T11:06:54.082Z] info Server Running
[2020-07-05T11:08:01.303Z] info Server Running
[2020-07-05T11:08:32.473Z] info Server Running
[2020-07-05T11:09:33.753Z] info Server Running
[2020-07-05T11:11:42.752Z] info Server Running
[2020-07-05T11:11:56.709Z] info The user profile alex@gmail.com has been created
[2020-07-05T11:11:56.710Z] info The organizer profile alex@gmail.com has been created
[2020-07-05T11:12:37.226Z] info Server Running
[2020-07-05T11:14:32.983Z] info Server Running
[2020-07-05T11:14:40.981Z] info Server Running
[2020-07-05T11:15:05.982Z] info The user profile alejandra@gmail.com has been created
[2020-07-05T11:15:05.983Z] info The organizer profile alejandra@gmail.com has been created
[2020-07-05T11:15:43.227Z] info Server Running
[2020-07-05T11:15:57.263Z] info The user profile a@gmail.com has been created
[2020-07-05T11:15:57.264Z] info The organizer profile a@gmail.com has been created
[2020-07-05T11:16:51.830Z] info Server Running
[2020-07-05T11:17:38.927Z] info Server Running
[2020-07-05T11:17:49.604Z] info The user profile b@gmail.com has been created
[2020-07-05T11:17:49.605Z] info The organizer profile b@gmail.com has been created
[2020-07-05T11:19:18.888Z] info Server Running
[2020-07-05T11:19:28.214Z] info The user profile c@gmail.com has been created
[2020-07-05T11:19:28.215Z] info The organizer profile c@gmail.com has been created
[2020-07-05T11:19:47.875Z] info The user profile d@gmail.com has been created
[2020-07-05T11:19:47.875Z] info The organizer profile d@gmail.com has been created
[2020-07-05T11:19:57.672Z] info Server Running
[2020-07-05T11:20:48.710Z] info Server Running
[2020-07-05T11:21:15.180Z] info Server Running
[2020-07-05T11:21:52.245Z] info Server Running
[2020-07-05T11:21:57.918Z] info The user profile z@gmail.com has been created
[2020-07-05T11:21:57.919Z] info The organizer profile z@gmail.com has been created
[2020-07-05T11:23:30.539Z] info Server Running
[2020-07-05T11:23:49.861Z] info Server Running
[2020-07-05T11:23:55.440Z] info The user profile v@gmail.com has been created
[2020-07-05T11:23:55.441Z] info The organizer profile v@gmail.com has been created
[2020-07-05T11:25:19.173Z] info Server Running
[2020-07-05T11:25:30.065Z] info The user profile k@gmail.com has been created
[2020-07-05T11:25:30.066Z] info The organizer profile k@gmail.com has been created
[2020-07-05T11:27:39.109Z] info Server Running
[2020-07-05T11:27:56.748Z] info The user profile p@gmail.com has been created
[2020-07-05T11:27:56.749Z] info The organizer profile p@gmail.com has been created
[2020-07-05T11:31:20.917Z] info Server Running
[2020-07-05T11:31:35.610Z] info The user profile l@gmail.com has been created
[2020-07-05T11:31:35.611Z] info The organizer profile l@gmail.com has been created
[2020-07-05T19:30:51.112Z] info Server Running
[2020-07-05T19:31:13.914Z] info Server Running
[2020-07-05T19:31:49.198Z] info Server Running
[2020-07-05T19:33:46.042Z] info Server Running
[2020-07-05T19:35:17.604Z] info Server Running
[2020-07-05T19:36:03.093Z] info Server Running
[2020-07-05T19:36:17.585Z] info Server Running
[2020-07-05T19:37:44.851Z] info Server Running
[2020-07-05T19:37:56.640Z] info Server Running
[2020-07-05T19:38:17.273Z] info Server Running
[2020-07-05T19:38:27.997Z] info Server Running
[2020-07-05T19:39:17.837Z] info Server Running
[2020-07-05T19:39:29.480Z] info Server Running
[2020-07-05T19:40:41.978Z] info Server Running
[2020-07-05T19:42:45.132Z] info Server Running
[2020-07-05T19:43:27.827Z] info Server Running
[2020-07-05T19:44:16.802Z] info Server Running
[2020-07-05T19:45:08.233Z] info Server Running
[2020-07-05T19:48:27.967Z] info Server Running
[2020-07-05T19:48:56.814Z] info Server Running
[2020-07-05T19:49:05.791Z] info Server Running
[2020-07-05T19:54:13.034Z] info Server Running
[2020-07-05T19:56:54.299Z] info Server Running
[2020-07-05T19:58:56.534Z] info Server Running
[2020-07-05T19:59:28.524Z] info Server Running
[2020-07-05T20:00:06.578Z] info Server Running
[2020-07-05T20:00:07.199Z] info The update of the organizer profile with id 8 was successful
[2020-07-05T20:04:01.801Z] info Server Running
[2020-07-05T20:04:17.239Z] info Server Running
[2020-07-05T20:04:24.817Z] info Server Running
[2020-07-05T20:04:43.775Z] info Server Running
[2020-07-05T20:05:17.552Z] info Server Running
[2020-07-05T20:07:04.248Z] info Server Running
[2020-07-05T20:11:18.619Z] info Server Running
[2020-07-05T20:12:28.642Z] info Server Running
[2020-07-05T20:14:06.085Z] info Server Running
[2020-07-05T20:14:28.001Z] info Server Running
[2020-07-05T20:15:28.249Z] info Server Running
[2020-07-05T20:16:16.771Z] info Server Running
[2020-07-05T20:16:27.118Z] info Server Running
[2020-07-05T20:17:00.515Z] info Server Running
[2020-07-05T20:18:45.649Z] info Server Running
[2020-07-05T20:22:38.248Z] info Server Running
[2020-07-05T20:23:01.239Z] info Server Running
[2020-07-05T20:24:15.544Z] info Server Running
[2020-07-05T20:25:11.166Z] info Server Running
[2020-07-05T20:25:29.755Z] info Server Running
[2020-07-05T20:25:36.909Z] info Server Running
[2020-07-05T20:26:28.772Z] info Server Running
[2020-07-05T20:28:36.771Z] info Server Running
[2020-07-05T20:29:01.418Z] info Server Running
[2020-07-05T20:29:16.220Z] info Server Running
[2020-07-05T20:29:41.619Z] info Server Running
[2020-07-05T20:31:58.858Z] info Server Running
[2020-07-05T20:32:19.147Z] info Server Running
[2020-07-05T20:33:29.078Z] info Server Running
[2020-07-05T20:35:09.513Z] info Server Running
[2020-07-05T20:36:13.163Z] info Server Running
[2020-07-05T20:36:36.959Z] info Server Running
[2020-07-05T20:36:38.681Z] info The update of the user profile with id 1 was successful
[2020-07-05T20:37:24.921Z] info Server Running
[2020-07-05T20:37:37.087Z] info Server Running
[2020-07-05T20:37:39.280Z] info The update of the user profile with id 1 was successful
[2020-07-05T20:40:02.962Z] info Server Running
[2020-07-05T20:40:08.831Z] info Server Running
[2020-07-05T20:40:18.220Z] info Server Running
[2020-07-05T20:40:33.016Z] info Server Running
[2020-07-05T20:40:47.072Z] info Server Running
[2020-07-05T20:40:54.071Z] info The update of the user profile with id 1 was successful
[2020-07-05T20:41:37.303Z] info Server Running
[2020-07-05T20:41:50.161Z] info Server Running
[2020-07-05T20:41:51.250Z] info The update of the user profile with id 1 was successful
[2020-07-05T20:42:02.038Z] info Server Running
[2020-07-05T20:44:21.755Z] info Server Running
[2020-07-05T20:44:29.567Z] info The update of the user profile with id 1 was successful
[2020-07-06T05:36:30.414Z] info Server Running
[2020-07-06T05:37:00.742Z] info Server Running
[2020-07-06T05:38:06.180Z] info Server Running
[2020-07-06T05:39:08.884Z] info Server Running
[2020-07-06T05:41:29.565Z] info Server Running
[2020-07-06T05:42:56.629Z] info Server Running
[2020-07-06T05:43:07.557Z] info Server Running
[2020-07-06T05:45:52.848Z] info Server Running
[2020-07-06T05:46:09.791Z] info Server Running
[2020-07-06T05:46:17.814Z] info Server Running
[2020-07-06T05:48:47.326Z] info Server Running
[2020-07-06T05:50:33.596Z] info Server Running
[2020-07-06T05:51:20.063Z] info Server Running
[2020-07-06T05:54:10.094Z] info Server Running
[2020-07-06T05:57:46.103Z] info Server Running
[2020-07-06T06:01:35.806Z] info Server Running
[2020-07-06T06:02:14.148Z] info Server Running
[2020-07-06T06:02:40.426Z] info Server Running
[2020-07-06T06:03:05.710Z] info Server Running
[2020-07-06T06:03:12.812Z] info Server Running
[2020-07-06T06:03:24.844Z] info Server Running
[2020-07-06T06:04:51.910Z] info Server Running
[2020-07-06T06:04:58.455Z] info Server Running
[2020-07-06T06:05:21.744Z] info Server Running
[2020-07-06T06:05:42.922Z] info Server Running
[2020-07-06T06:06:25.842Z] info Server Running
[2020-07-06T06:08:44.792Z] info Server Running
[2020-07-06T06:09:15.952Z] info Server Running
[2020-07-06T06:09:39.006Z] info Server Running
[2020-07-06T06:10:02.298Z] info Server Running
[2020-07-06T06:11:59.207Z] info Server Running
[2020-07-06T06:12:17.950Z] info Server Running
[2020-07-06T06:12:43.600Z] info Server Running
[2020-07-06T06:13:41.664Z] info Server Running
[2020-07-06T06:13:47.794Z] info Server Running
[2020-07-06T06:13:56.362Z] info Server Running
[2020-07-06T06:14:11.588Z] info Server Running
[2020-07-06T06:14:21.159Z] info Server Running
[2020-07-06T06:39:44.991Z] info Server Running
[2020-07-06T06:39:50.509Z] info Server Running
[2020-07-06T06:42:15.460Z] info The user profile raullopezhernando@gmail.com has been created
[2020-07-06T06:42:15.461Z] info The organizer profile raullopezhernando@gmail.com has been created
[2020-07-06T06:43:39.996Z] info Server Running
[2020-07-06T06:43:50.588Z] info Server Running
[2020-07-06T06:44:11.655Z] info Server Running
[2020-07-06T06:44:15.034Z] info The validation of register fields was successful
[2020-07-06T06:44:15.066Z] info The meetup Charlas de FRances has been created
[2020-07-06T06:44:50.879Z] info Server Running
[2020-07-06T06:45:27.153Z] info The validation of register fields was successful
[2020-07-06T06:45:27.193Z] info The meetup Charlas de FRances has been created
[2020-07-06T06:51:11.234Z] info Server Running
[2020-07-06T06:51:13.695Z] info The update of the meetup with id 1 was successful
[2020-07-06T06:51:37.636Z] info Server Running
[2020-07-06T06:51:39.951Z] info The update of the meetup with id 1 was successful
[2020-07-06T06:52:40.019Z] info Server Running
[2020-07-06T06:53:35.768Z] info The update of the meetup with id 1 was successful
[2020-07-06T06:54:06.878Z] info Server Running
[2020-07-06T06:54:19.291Z] info Server Running
[2020-07-06T06:54:53.514Z] info Server Running
[2020-07-06T06:54:55.084Z] info The update of the meetup with id 1 was successful
[2020-07-06T06:56:09.812Z] info Server Running
[2020-07-06T06:56:11.802Z] info The update of the meetup with id 1 was successful
[2020-07-06T06:56:30.263Z] info Server Running
[2020-07-06T06:57:55.485Z] info Server Running
[2020-07-06T06:59:30.577Z] info Server Running
[2020-07-06T06:59:36.873Z] info Server Running
[2020-07-06T06:59:39.398Z] info The update of the meetup with id 1 was successful
[2020-07-06T07:00:23.953Z] info Server Running
[2020-07-06T07:01:42.163Z] info Server Running
[2020-07-06T07:02:13.826Z] info Server Running
[2020-07-06T07:02:16.152Z] info The update of the meetup with id 1 was successful
[2020-07-06T07:03:55.134Z] info Server Running
[2020-07-06T07:03:56.649Z] info The update of the meetup with id 1 was successful
[2020-07-06T07:04:25.480Z] info Server Running
[2020-07-06T07:04:27.837Z] info The update of the meetup with id 1 was successful
[2020-07-06T07:05:02.553Z] info Server Running
[2020-07-06T07:05:03.667Z] info The update of the meetup with id 1 was successful
[2020-07-06T07:05:59.659Z] info Server Running
[2020-07-06T07:06:01.535Z] info The update of the meetup with id 1 was successful
[2020-07-06T07:08:22.445Z] info Server Running
[2020-07-06T07:08:23.432Z] info The update of the meetup with id 1 was successful
[2020-07-06T07:09:05.486Z] info Server Running
[2020-07-06T07:09:07.444Z] info The update of the meetup with id 1 was successful
[2020-07-06T07:09:51.172Z] info Server Running
[2020-07-06T07:09:53.733Z] info The update of the meetup with id 1 was successful
[2020-07-06T07:10:18.092Z] info Server Running
[2020-07-06T07:10:19.951Z] info The update of the meetup with id 1 was successful
[2020-07-06T07:10:54.898Z] info Server Running
[2020-07-06T07:10:56.574Z] info The update of the meetup with id 1 was successful
[2020-07-06T07:11:15.395Z] info Server Running
[2020-07-06T07:12:06.898Z] info Server Running
[2020-07-06T07:12:31.308Z] info The update of the meetup with id 1 was successful
[2020-07-06T07:13:29.803Z] info Server Running
[2020-07-06T07:13:37.226Z] info Server Running
[2020-07-06T07:13:55.192Z] info Server Running
[2020-07-06T07:15:06.045Z] info Server Running
[2020-07-06T07:18:25.077Z] info Server Running
[2020-07-06T07:20:01.257Z] info Server Running
[2020-07-06T10:09:02.912Z] info Server Running
[2020-07-06T10:09:27.310Z] info Server Running
[2020-07-06T10:09:42.028Z] info Server Running
[2020-07-06T10:11:59.161Z] info Server Running
[2020-07-06T10:13:33.319Z] info Server Running
[2020-07-06T10:15:15.300Z] info Server Running
[2020-07-06T10:15:40.632Z] info Server Running
[2020-07-06T10:15:59.645Z] info Server Running
[2020-07-06T10:16:51.857Z] info Server Running
[2020-07-06T10:16:56.650Z] info Server Running
[2020-07-06T10:17:18.663Z] info Server Running
[2020-07-06T10:18:54.537Z] info Server Running
[2020-07-06T10:19:20.652Z] info Server Running
[2020-07-06T10:20:30.205Z] info Server Running
[2020-07-06T10:21:59.693Z] info Server Running
[2020-07-06T10:22:25.893Z] info Server Running
[2020-07-06T10:23:27.990Z] info Server Running
[2020-07-06T10:23:31.382Z] info Server Running
[2020-07-06T10:25:28.597Z] info Server Running
[2020-07-06T10:26:22.064Z] info Server Running
[2020-07-06T10:27:53.231Z] info Server Running
[2020-07-06T10:28:02.590Z] info Server Running
[2020-07-06T10:28:12.004Z] info Server Running
[2020-07-06T10:28:48.504Z] info Server Running
[2020-07-06T10:29:02.859Z] info Server Running
[2020-07-06T10:30:38.236Z] info Server Running
[2020-07-06T10:30:47.721Z] info Server Running
[2020-07-06T10:31:03.412Z] info Server Running
[2020-07-06T10:31:09.995Z] info Server Running
[2020-07-06T10:33:01.646Z] info Server Running
[2020-07-06T10:33:43.035Z] info Server Running
[2020-07-06T10:34:11.685Z] info Server Running
[2020-07-06T10:34:40.157Z] info Server Running
[2020-07-06T10:35:49.889Z] info Server Running
[2020-07-06T10:36:39.234Z] info Server Running
[2020-07-06T10:38:53.071Z] info Server Running
[2020-07-06T10:39:25.513Z] info Server Running
[2020-07-06T10:39:48.337Z] info Server Running
[2020-07-06T10:39:49.637Z] info The Rating has been created
[2020-07-06T10:40:45.662Z] info Server Running
[2020-07-06T10:41:02.283Z] info Server Running
[2020-07-06T10:49:55.980Z] info Server Running
[2020-07-06T10:51:17.291Z] info Server Running
[2020-07-06T10:51:39.860Z] info Server Running
[2020-07-06T10:52:19.324Z] info Server Running
[2020-07-06T10:52:39.996Z] info Server Running
[2020-07-06T10:52:43.738Z] info The Update has been created
[2020-07-06T10:53:12.716Z] info Server Running
[2020-07-06T10:53:14.884Z] info The Update has been created
[2020-07-06T10:53:37.836Z] info The Update has been created
[2020-07-06T10:54:06.348Z] info The Update has been created
[2020-07-06T10:55:00.165Z] info Server Running
[2020-07-06T10:56:20.908Z] info Server Running
[2020-07-06T10:56:33.308Z] info Server Running
[2020-07-06T10:58:14.585Z] info Server Running
[2020-07-06T10:59:11.120Z] info Server Running
[2020-07-06T10:59:48.823Z] info Server Running
[2020-07-06T10:59:50.013Z] info The Comment has been created
[2020-07-06T11:00:07.341Z] info The Comment has been created
[2020-07-06T11:01:13.759Z] info Server Running
[2020-07-06T11:04:25.943Z] info Server Running
[2020-07-06T11:04:31.675Z] info Server Running
[2020-07-06T11:05:47.680Z] info Server Running
[2020-07-06T11:06:35.989Z] info Server Running
[2020-07-06T11:06:55.273Z] info Server Running
[2020-07-06T11:07:04.156Z] info Server Running
[2020-07-06T11:07:33.889Z] info Server Running
[2020-07-06T11:11:28.341Z] info Server Running
[2020-07-06T11:22:02.283Z] info Server Running
[2020-07-06T15:46:11.713Z] info Server Running
[2020-07-06T15:49:32.239Z] info Server Running
[2020-07-06T15:51:10.077Z] info Server Running
[2020-07-06T15:52:19.927Z] info Server Running
[2020-07-06T15:54:53.583Z] info Server Running
[2020-07-06T15:55:00.123Z] info Server Running
[2020-07-06T15:57:04.350Z] info Server Running
[2020-07-06T15:58:38.957Z] info Server Running
[2020-07-06T16:07:11.099Z] info Server Running
[2020-07-06T16:11:28.474Z] info Server Running
[2020-07-06T16:12:08.580Z] info Server Running
[2020-07-06T16:15:01.291Z] info Server Running
[2020-07-06T16:16:28.559Z] info Server Running
[2020-07-06T16:33:35.308Z] info Server Running
[2020-07-06T16:36:27.025Z] info Server Running
[2020-07-06T16:36:47.976Z] info Server Running
[2020-07-06T16:37:29.280Z] info Server Running
[2020-07-06T16:37:58.541Z] info Server Running
[2020-07-06T16:38:44.320Z] info Server Running
[2020-07-06T16:40:06.892Z] info Server Running
[2020-07-06T16:40:51.231Z] info Server Running
[2020-07-06T16:41:48.455Z] info Server Running
[2020-07-06T16:42:21.539Z] info Server Running
[2020-07-06T16:42:30.236Z] info Server Running
[2020-07-06T16:43:17.453Z] info Server Running
[2020-07-06T16:43:37.877Z] info Server Running
[2020-07-06T16:44:38.939Z] info Server Running
[2020-07-06T16:46:47.672Z] info Server Running
[2020-07-06T16:47:20.983Z] info Server Running
[2020-07-06T16:49:22.009Z] info Server Running
[2020-07-06T16:49:49.441Z] info Server Running
[2020-07-06T16:50:06.171Z] info Server Running
[2020-07-06T16:51:13.250Z] info Server Running
[2020-07-06T16:53:01.500Z] info Server Running
[2020-07-06T16:56:56.769Z] info Server Running
[2020-07-06T16:58:46.185Z] info Server Running
[2020-07-06T17:00:17.494Z] info Server Running
[2020-07-06T17:02:21.237Z] info Server Running
[2020-07-06T17:03:21.720Z] info Server Running
[2020-07-06T17:04:38.906Z] info Server Running
[2020-07-06T17:05:01.420Z] info Server Running
[2020-07-06T17:11:45.982Z] info Server Running
[2020-07-06T17:12:24.602Z] info Server Running
[2020-07-06T17:16:02.888Z] info Server Running
[2020-07-06T17:17:38.667Z] info Server Running
[2020-07-06T17:17:42.942Z] info Server Running
[2020-07-06T17:21:28.147Z] info The user profile raullopezhernando@gmail.com has been created
[2020-07-06T17:21:28.148Z] info The organizer profile raullopezhernando@gmail.com has been created
[2020-07-06T17:21:39.742Z] info The validation of register fields was successful
[2020-07-06T17:21:39.752Z] info The meetup Charlas de FRances has been created
[2020-07-06T17:22:38.848Z] info Server Running
[2020-07-06T17:22:40.091Z] info The Reservation added successfully
[2020-07-06T17:22:51.153Z] info Server Running
[2020-07-06T17:22:52.965Z] info The Reservation added successfully
[2020-07-06T17:23:55.352Z] info Server Running
[2020-07-06T17:24:00.759Z] info The Reservation added successfully
[2020-07-06T17:26:28.958Z] info The user profile raullopezhernando@gmail.com has been created
[2020-07-06T17:26:28.959Z] info The organizer profile raullopezhernando@gmail.com has been created
[2020-07-06T17:27:04.320Z] info Server Running
[2020-07-06T17:27:05.822Z] info The validation of register fields was successful
[2020-07-06T17:27:05.877Z] info The meetup Charlas de FRances has been created
[2020-07-06T17:27:13.572Z] info The Reservation added successfully
[2020-07-06T17:30:26.666Z] info Server Running
[2020-07-06T17:30:58.555Z] info Server Running
[2020-07-06T17:31:14.207Z] info Server Running
[2020-07-06T17:31:36.505Z] info Server Running
[2020-07-06T17:31:47.506Z] info Server Running
[2020-07-06T17:32:34.956Z] info Server Running
[2020-07-06T17:34:24.757Z] info Server Running
[2020-07-06T17:36:20.036Z] info The user profile itxasolibano@gmail.com has been created
[2020-07-06T17:36:20.037Z] info The organizer profile itxasolibano@gmail.com has been created
[2020-07-06T17:36:31.674Z] info The Reservation added successfully
[2020-07-06T17:37:53.897Z] info Server Running
[2020-07-06T17:38:18.977Z] info Server Running
[2020-07-06T17:39:47.863Z] info Server Running
[2020-07-06T17:42:23.858Z] info Server Running
[2020-07-06T17:42:45.631Z] info Server Running
[2020-07-06T17:43:14.548Z] info Server Running
[2020-07-06T17:44:48.572Z] info Server Running
[2020-07-06T17:47:09.403Z] info Server Running
[2020-07-06T17:47:15.271Z] info Server Running
[2020-07-06T17:48:34.309Z] info Server Running
[2020-07-06T18:19:34.270Z] info Server Running
[2020-07-06T18:19:41.889Z] info Server Running
[2020-07-06T18:23:34.242Z] info Server Running
[2020-07-06T18:24:05.043Z] info Server Running
[2020-07-06T18:24:18.817Z] info Server Running
[2020-07-06T18:26:32.582Z] info Server Running
[2020-07-06T18:26:36.500Z] info Server Running
[2020-07-06T18:27:56.657Z] info Server Running
[2020-07-06T18:28:04.391Z] info Server Running
[2020-07-06T18:33:12.846Z] info Server Running
[2020-07-06T18:33:53.981Z] info Server Running
[2020-07-06T18:37:54.755Z] info Server Running
[2020-07-06T18:39:31.929Z] info Server Running
[2020-07-06T18:40:37.148Z] info Server Running
[2020-07-06T18:42:09.268Z] info Server Running
[2020-07-06T18:42:23.238Z] info The user profile t@gmail.com has been created
[2020-07-06T18:54:38.203Z] info Server Running
[2020-07-06T18:56:33.864Z] info Server Running
[2020-07-06T18:58:16.163Z] info Server Running
[2020-07-06T18:58:33.920Z] info Server Running
[2020-07-06T18:59:39.619Z] info Server Running
[2020-07-06T19:03:37.609Z] info Server Running
[2020-07-06T19:03:58.798Z] info Server Running
[2020-07-06T19:05:27.232Z] info Server Running
[2020-07-06T19:05:34.376Z] info Server Running
[2020-07-06T19:05:49.747Z] info Server Running
[2020-07-06T19:08:00.111Z] info Server Running
[2020-07-06T19:08:38.538Z] info Server Running
[2020-07-06T19:09:31.470Z] info Server Running
[2020-07-06T19:10:23.201Z] info Server Running
[2020-07-06T19:52:02.766Z] info Server Running
[2020-07-06T19:53:46.478Z] info Server Running
[2020-07-06T19:54:26.308Z] info Server Running
[2020-07-06T19:55:01.464Z] info Server Running
[2020-07-06T19:55:05.001Z] info Server Running
[2020-07-06T19:55:53.367Z] info Server Running
[2020-07-06T19:56:26.316Z] info Server Running
[2020-07-06T19:57:01.321Z] info Server Running
[2020-07-06T19:57:18.878Z] info Server Running
[2020-07-06T20:01:28.541Z] info The validation of register fields was successful
[2020-07-06T20:02:02.417Z] info Server Running
[2020-07-06T20:02:05.729Z] info The validation of register fields was successful
[2020-07-06T20:03:32.588Z] info Server Running
[2020-07-06T20:03:34.992Z] info The user profile raullopezhernando@gmail.com has been created
[2020-07-06T20:03:34.994Z] info The organizer profile raullopezhernando@gmail.com has been created
[2020-07-06T20:03:45.288Z] info The validation of register fields was successful
[2020-07-06T20:03:45.296Z] info The meetup Charlas de FRances has been created
[2020-07-06T20:04:56.331Z] info Server Running
[2020-07-06T20:05:52.652Z] info Server Running
[2020-07-06T20:29:43.456Z] info Server Running
[2020-07-06T20:29:48.092Z] info The validation of register fields was successful
[2020-07-06T20:29:48.172Z] info The meetup Charlas de FRances has been created
[2020-07-06T20:36:27.020Z] info The validation of register fields was successful
[2020-07-06T20:36:27.027Z] info The meetup Charlas de FRances has been created
[2020-07-06T20:48:31.900Z] info The user profile j@gmail.com has been created
[2020-07-06T20:49:16.500Z] info The Reservation added successfully
[2020-07-06T20:55:28.652Z] info Server Running
[2020-07-06T20:55:51.340Z] info Server Running
[2020-07-06T20:55:54.574Z] info Server Running
[2020-07-06T20:58:46.667Z] info Server Running
[2020-07-06T20:59:21.566Z] info Server Running
[2020-07-07T05:18:26.429Z] info Server Running
[2020-07-07T05:19:50.651Z] info Server Running
[2020-07-07T05:20:20.500Z] info The Reservation added successfully
[2020-07-07T05:21:30.927Z] info Server Running
[2020-07-07T05:22:24.759Z] info Server Running
[2020-07-07T05:22:58.285Z] info Server Running
[2020-07-07T05:24:24.293Z] info Server Running
[2020-07-07T05:24:38.735Z] info Server Running
[2020-07-07T05:24:45.472Z] info Server Running
[2020-07-07T05:25:41.546Z] info Server Running
[2020-07-07T05:28:44.260Z] info Server Running
[2020-07-07T05:29:20.258Z] info Server Running
[2020-07-07T05:29:48.102Z] info Server Running
[2020-07-07T05:30:00.938Z] info Server Running
[2020-07-07T05:31:42.062Z] info Server Running
[2020-07-07T05:32:21.498Z] info Server Running
[2020-07-07T05:32:45.338Z] info Server Running
[2020-07-07T05:33:09.571Z] info Server Running
[2020-07-07T05:33:17.199Z] info Server Running
[2020-07-07T05:34:14.130Z] info Server Running
[2020-07-07T05:35:22.583Z] info Server Running
[2020-07-07T05:35:32.892Z] info Server Running
[2020-07-07T05:36:27.224Z] info Server Running
[2020-07-07T05:40:06.001Z] info Server Running
[2020-07-07T05:41:17.944Z] info Server Running
[2020-07-07T05:44:16.005Z] info Server Running
[2020-07-07T06:23:12.357Z] info Server Running
[2020-07-07T06:23:52.189Z] info Server Running
[2020-07-07T06:25:03.979Z] info The validation of register fields was successful
[2020-07-07T06:25:03.989Z] info The meetup Charlas de Ingles has been created
[2020-07-07T06:25:33.819Z] info The validation of register fields was successful
[2020-07-07T06:25:33.826Z] info The meetup Charlas de Aleman has been created
[2020-07-07T06:26:34.137Z] info The validation of register fields was successful
[2020-07-07T06:26:34.149Z] info The meetup Viajar a Tailandia en Grupo has been created
[2020-07-07T06:26:51.597Z] info The validation of register fields was successful
[2020-07-07T06:26:51.601Z] info The meetup Viajar a Tailandia en Grupo has been created
[2020-07-07T06:27:13.551Z] info The validation of register fields was successful
[2020-07-07T06:27:13.556Z] info The meetup Viajar a Myanmar en Grupo has been created
[2020-07-07T06:28:10.572Z] info The validation of register fields was successful
[2020-07-07T06:28:10.578Z] info The meetup Senderismo en grupo has been created
[2020-07-07T06:29:36.869Z] info The validation of register fields was successful
[2020-07-07T06:29:36.874Z] info The meetup Rafting grupal  has been created
[2020-07-07T06:31:13.887Z] info Server Running
[2020-07-07T06:31:39.058Z] info Server Running
[2020-07-07T06:32:06.947Z] info Server Running
[2020-07-07T06:33:25.665Z] info Server Running
[2020-07-07T06:39:10.596Z] info Server Running
[2020-07-07T06:40:20.751Z] info Server Running
[2020-07-07T06:43:43.170Z] info Server Running
[2020-07-07T06:43:59.677Z] info Server Running
[2020-07-07T06:44:48.541Z] info Server Running
[2020-07-07T06:45:23.691Z] info Server Running
[2020-07-07T06:52:15.349Z] info Server Running
[2020-07-07T06:52:48.007Z] info Server Running
[2020-07-07T06:57:44.297Z] info Server Running
[2020-07-07T06:58:01.138Z] info Server Running
[2020-07-07T06:58:31.531Z] info Server Running
[2020-07-07T06:58:49.277Z] info Server Running
[2020-07-07T07:03:09.045Z] info Server Running
[2020-07-07T07:04:21.993Z] info The user profile raullopezhernando@gmail.com has been created
[2020-07-07T07:05:50.754Z] info The validation of register fields was successful
[2020-07-07T07:07:29.929Z] info Server Running
[2020-07-07T07:07:31.853Z] info The validation of register fields was successful
[2020-07-07T07:08:27.272Z] info Server Running
[2020-07-07T07:08:29.788Z] info The validation of register fields was successful
[2020-07-07T07:09:44.511Z] info Server Running
[2020-07-07T07:09:46.352Z] info The validation of register fields was successful
[2020-07-07T07:12:33.076Z] info Server Running
[2020-07-07T07:12:35.820Z] info The validation of register fields was successful
[2020-07-07T07:12:54.654Z] info Server Running
[2020-07-07T07:12:57.800Z] info The validation of register fields was successful
[2020-07-07T07:13:49.299Z] info Server Running
[2020-07-07T07:13:51.302Z] info The validation of register fields was successful
[2020-07-07T07:14:58.010Z] info Server Running
[2020-07-07T07:15:01.543Z] info The validation of register fields was successful
[2020-07-07T07:16:37.451Z] info Server Running
[2020-07-07T07:16:42.040Z] info The validation of register fields was successful
[2020-07-07T07:16:50.326Z] info Server Running
[2020-07-07T07:16:51.724Z] info The validation of register fields was successful
[2020-07-07T07:16:59.955Z] info Server Running
[2020-07-07T07:17:01.753Z] info The validation of register fields was successful
[2020-07-07T07:18:11.018Z] info Server Running
[2020-07-07T07:18:13.165Z] info The validation of register fields was successful
[2020-07-07T07:19:01.891Z] info Server Running
[2020-07-07T07:24:14.056Z] info Server Running
[2020-07-07T07:24:18.155Z] info The validation of register fields was successful
[2020-07-07T07:26:18.284Z] info The user profile itxasolibano@gmail.com has been created
[2020-07-07T07:27:13.293Z] info The user profile franperea@gmail.com has been created
[2020-07-07T07:27:13.294Z] info The organizer profile franperea@gmail.com has been created
[2020-07-07T07:27:44.903Z] info The validation of register fields was successful
[2020-07-07T07:59:12.743Z] info Server Running
[2020-07-07T07:59:36.211Z] info The validation of register fields was successful
[2020-07-07T08:00:35.142Z] info The validation of register fields was successful
[2020-07-07T08:03:03.848Z] info Server Running
[2020-07-07T08:03:05.885Z] info The validation of register fields was successful
[2020-07-07T08:03:17.165Z] info Server Running
[2020-07-07T08:03:38.448Z] info Server Running
[2020-07-07T08:03:40.402Z] info The validation of register fields was successful
[2020-07-07T08:04:08.003Z] info Server Running
[2020-07-07T08:04:10.618Z] info The validation of register fields was successful
[2020-07-07T08:04:35.495Z] info Server Running
[2020-07-07T08:04:47.978Z] info Server Running
[2020-07-07T08:06:19.116Z] info The validation of register fields was successful
[2020-07-07T08:06:19.154Z] info The meetup Rafting grupal  has been created
[2020-07-07T08:11:21.042Z] info Server Running
[2020-07-07T08:20:24.793Z] info Server Running
[2020-07-07T08:29:11.497Z] info Server Running
[2020-07-07T08:33:14.997Z] info Server Running
[2020-07-07T08:34:18.970Z] info Server Running
[2020-07-07T08:36:44.584Z] info Server Running
[2020-07-07T08:36:52.675Z] info Server Running
[2020-07-07T08:40:11.259Z] info Server Running
[2020-07-07T08:49:11.005Z] info Server Running
[2020-07-07T08:49:43.508Z] info Server Running
[2020-07-07T08:53:29.639Z] info Server Running
[2020-07-07T08:54:14.283Z] info Server Running
[2020-07-07T08:54:33.834Z] info Server Running
[2020-07-07T08:55:41.890Z] info Server Running
[2020-07-07T08:57:07.227Z] info Server Running
[2020-07-07T08:57:38.282Z] info Server Running
[2020-07-07T08:58:49.859Z] info Server Running
[2020-07-07T09:05:33.247Z] info Server Running
[2020-07-07T09:06:18.944Z] info Server Running
[2020-07-07T09:07:35.607Z] info Server Running
[2020-07-07T09:10:20.384Z] info Server Running
[2020-07-07T09:12:10.296Z] info Server Running
[2020-07-07T09:13:46.773Z] info Server Running
[2020-07-07T09:14:41.465Z] info Server Running
[2020-07-07T09:16:10.784Z] info Server Running
[2020-07-07T09:16:18.967Z] info Server Running
[2020-07-07T09:16:27.831Z] info Server Running
[2020-07-07T09:17:11.245Z] info Server Running
[2020-07-07T09:18:12.852Z] info Server Running
[2020-07-07T09:24:10.843Z] info Server Running
[2020-07-07T09:30:46.743Z] info Server Running
[2020-07-07T09:31:43.496Z] info Server Running
[2020-07-07T09:33:49.970Z] info Server Running
[2020-07-07T09:35:37.246Z] info Server Running
[2020-07-07T09:40:39.340Z] info Server Running
[2020-07-07T09:40:46.639Z] info Server Running
[2020-07-07T09:41:30.084Z] info Server Running
[2020-07-07T09:43:59.498Z] info Server Running
[2020-07-07T09:44:17.157Z] info Server Running
[2020-07-07T09:47:33.440Z] info Server Running
[2020-07-07T09:48:12.078Z] info Server Running
[2020-07-07T09:54:57.887Z] info Server Running
[2020-07-07T09:56:19.095Z] info Server Running
[2020-07-07T09:58:22.275Z] info Server Running
[2020-07-07T09:58:55.517Z] info Server Running
[2020-07-07T09:59:13.210Z] info Server Running
[2020-07-07T10:02:05.176Z] info Server Running
[2020-07-07T10:04:41.196Z] info Server Running
[2020-07-07T10:05:02.145Z] info Server Running
[2020-07-07T10:05:53.702Z] info Server Running
[2020-07-07T10:12:43.508Z] info Server Running
[2020-07-07T10:13:05.696Z] info Server Running
[2020-07-07T10:13:13.209Z] info Server Running
[2020-07-07T10:13:24.374Z] info Server Running
[2020-07-07T10:15:17.831Z] info Server Running
[2020-07-07T10:16:15.467Z] info Server Running
[2020-07-07T10:18:34.426Z] info Server Running
[2020-07-07T10:19:18.484Z] info Server Running
[2020-07-07T10:22:01.649Z] info Server Running
[2020-07-07T10:23:15.436Z] info Server Running
[2020-07-07T10:24:56.375Z] info Server Running
[2020-07-07T10:26:37.575Z] info Server Running
[2020-07-07T10:28:27.403Z] info Server Running
[2020-07-07T10:30:41.348Z] info Server Running
[2020-07-07T10:31:58.830Z] info Server Running
[2020-07-07T10:32:11.310Z] info Server Running
[2020-07-07T10:33:02.705Z] info Server Running
[2020-07-07T10:39:10.574Z] info Server Running
[2020-07-07T10:56:08.597Z] info Server Running
[2020-07-07T10:57:03.005Z] info Server Running
[2020-07-07T10:58:09.298Z] info Server Running
[2020-07-07T10:59:41.382Z] info Server Running
[2020-07-07T11:02:30.383Z] info Server Running
[2020-07-07T11:03:03.432Z] info Server Running
[2020-07-07T11:05:55.574Z] info Server Running
[2020-07-07T11:09:01.046Z] info Server Running
[2020-07-07T11:09:22.968Z] info The validation of register fields was successful
[2020-07-07T11:12:03.181Z] info The validation of register fields was successful
[2020-07-07T11:12:10.358Z] info The validation of register fields was successful
[2020-07-07T11:12:10.375Z] info The meetup Rafting grupal  has been created
[2020-07-07T11:13:06.850Z] info Server Running
[2020-07-07T11:17:35.746Z] info Server Running
[2020-07-07T11:19:55.958Z] info Server Running
[2020-07-07T11:21:47.106Z] info Server Running
[2020-07-07T11:25:09.282Z] info Server Running
[2020-07-07T11:28:49.153Z] info Server Running
[2020-07-07T11:29:23.880Z] info Server Running
[2020-07-07T11:29:34.229Z] info Server Running
[2020-07-07T11:29:55.217Z] info Server Running
[2020-07-07T11:30:45.278Z] info Server Running
[2020-07-07T11:39:14.377Z] info The validation of register fields was successful
[2020-07-07T11:39:14.390Z] info The meetup Rafting de todos los del mundo has been created
[2020-07-07T11:48:36.063Z] info Server Running
[2020-07-07T11:52:11.078Z] info Server Running
[2020-07-07T12:13:59.707Z] info Server Running
[2020-07-07T12:38:07.569Z] info Server Running
[2020-07-07T14:41:30.225Z] info Server Running
[2020-07-07T14:46:49.314Z] info Server Running
[2020-07-07T14:47:59.682Z] info Server Running
[2020-07-07T14:50:44.541Z] info Server Running
[2020-07-07T14:50:50.675Z] info Server Running
[2020-07-07T14:51:54.802Z] info Server Running
[2020-07-07T14:54:43.469Z] info Server Running
[2020-07-07T14:56:27.755Z] info Server Running
[2020-07-07T14:57:41.282Z] info Server Running
[2020-07-07T14:59:26.003Z] info Server Running
[2020-07-07T15:00:38.325Z] info Server Running
[2020-07-07T15:01:13.479Z] info Server Running
[2020-07-07T15:05:41.002Z] info The user profile jasonehernando@gmail.com has been created
[2020-07-07T15:05:41.003Z] info The organizer profile jasonehernando@gmail.com has been created
[2020-07-07T15:09:58.607Z] info Server Running
[2020-07-07T15:13:13.135Z] info Server Running
[2020-07-07T15:24:52.895Z] info Server Running
[2020-07-07T15:27:58.150Z] info Server Running
[2020-07-07T15:28:07.165Z] info Server Running
[2020-07-07T15:28:11.602Z] info Server Running
[2020-07-07T15:28:44.179Z] info Server Running
[2020-07-07T15:32:21.939Z] info Server Running
[2020-07-07T15:40:08.420Z] info Server Running
[2020-07-07T15:45:21.782Z] info Server Running
[2020-07-07T15:50:04.926Z] info Server Running
[2020-07-07T15:53:32.685Z] info Server Running
[2020-07-07T15:56:29.298Z] info Server Running
[2020-07-07T15:58:44.831Z] info Server Running
[2020-07-07T15:59:11.984Z] info Server Running
[2020-07-07T16:01:16.597Z] info Server Running
[2020-07-07T16:03:59.335Z] info Server Running
[2020-07-07T16:04:50.038Z] info Server Running
[2020-07-07T16:06:58.862Z] info Server Running
[2020-07-07T16:12:44.185Z] info Server Running
[2020-07-07T16:15:04.152Z] info Server Running
[2020-07-07T16:16:29.506Z] info Server Running
[2020-07-07T16:19:14.739Z] info Server Running
[2020-07-07T16:20:46.907Z] info Server Running
[2020-07-07T16:21:23.361Z] info The Reservation added successfully
[2020-07-07T16:21:43.317Z] info Server Running
[2020-07-07T16:46:04.197Z] info Server Running
[2020-07-07T16:48:07.228Z] info Server Running
[2020-07-07T16:49:21.699Z] info The validation of register fields was successful
[2020-07-07T16:49:33.712Z] info The validation of register fields was successful
[2020-07-07T16:52:19.348Z] info The validation of register fields was successful
[2020-07-07T16:52:19.357Z] info The meetup Rafting de todos los del mundo has been created
[2020-07-07T16:52:51.944Z] info The Reservation added successfully
[2020-07-07T16:56:12.085Z] info Server Running
[2020-07-07T16:57:50.144Z] info Server Running
[2020-07-07T16:58:51.952Z] info Server Running
[2020-07-07T17:01:30.173Z] info Server Running
[2020-07-07T17:02:00.005Z] info Server Running
[2020-07-07T17:05:48.267Z] info Server Running
[2020-07-07T17:11:36.307Z] info Server Running
[2020-07-07T17:45:20.111Z] info Server Running
[2020-07-07T17:56:09.662Z] info Server Running
[2020-07-07T17:57:46.013Z] info Server Running
[2020-07-08T06:56:11.969Z] info Server Running
[2020-07-08T07:32:32.952Z] info Server Running
[2020-07-08T07:34:05.391Z] info The Reservation added successfully
[2020-07-08T07:46:36.752Z] info Server Running
[2020-07-08T07:48:17.512Z] info The Rating has been created
[2020-07-08T07:48:24.947Z] info The Rating has been created
[2020-07-08T07:48:30.010Z] info The Rating has been created
[2020-07-08T07:48:41.731Z] info The Rating has been created
[2020-07-08T07:48:47.246Z] info The Rating has been created
[2020-07-08T07:48:52.393Z] info The Rating has been created
[2020-07-08T08:08:14.094Z] info Server Running
[2020-07-08T08:10:09.831Z] info Server Running
[2020-07-08T08:11:50.932Z] info Server Running
[2020-07-08T08:12:43.143Z] info Server Running
[2020-07-08T08:13:57.282Z] info Server Running
[2020-07-08T08:15:08.603Z] info Server Running
[2020-07-08T08:16:48.865Z] info Server Running
[2020-07-08T08:17:15.408Z] info Server Running
[2020-07-08T08:17:31.241Z] info Server Running
[2020-07-08T08:18:17.145Z] info Server Running
[2020-07-08T08:18:35.489Z] info Server Running
[2020-07-08T08:20:49.179Z] info Server Running
[2020-07-08T08:21:03.181Z] info The Rating has been created
[2020-07-08T08:21:36.889Z] info Server Running
[2020-07-08T08:22:43.058Z] info Server Running
[2020-07-08T08:23:28.783Z] info Server Running
[2020-07-08T08:24:28.263Z] info Server Running
[2020-07-08T08:24:52.169Z] info Server Running
[2020-07-08T08:25:29.587Z] info Server Running
[2020-07-08T08:27:25.023Z] info Server Running
[2020-07-08T08:27:41.771Z] info Server Running
[2020-07-08T08:28:11.393Z] info Server Running
[2020-07-08T08:29:13.324Z] info Server Running
[2020-07-08T08:31:09.432Z] info Server Running
[2020-07-08T08:32:35.712Z] info Server Running
[2020-07-08T08:33:05.208Z] info Server Running
[2020-07-08T08:33:15.507Z] info Server Running
[2020-07-08T08:35:47.235Z] info Server Running
[2020-07-08T08:35:57.596Z] info Server Running
[2020-07-08T08:38:34.424Z] info Server Running
[2020-07-08T08:39:27.855Z] info Server Running
[2020-07-08T08:40:00.169Z] info Server Running
[2020-07-08T08:40:17.846Z] info Server Running
[2020-07-08T08:40:35.829Z] info Server Running
[2020-07-08T08:41:32.807Z] info Server Running
[2020-07-08T08:41:51.811Z] info Server Running
[2020-07-08T08:42:31.235Z] info Server Running
[2020-07-08T08:46:13.407Z] info Server Running
[2020-07-08T08:48:29.311Z] info Server Running
[2020-07-08T10:40:24.242Z] info Server Running
[2020-07-08T10:44:44.239Z] info Server Running
[2020-07-08T10:54:16.882Z] info Server Running
[2020-07-08T11:00:59.002Z] info Server Running
[2020-07-08T11:02:53.411Z] info Server Running
[2020-07-08T11:07:18.572Z] info Server Running
[2020-07-08T11:11:01.255Z] info Server Running
[2020-07-08T11:11:24.914Z] info The valuation of the meetup has been carried out on the following date2020-06-01
[2020-07-08T11:13:28.722Z] info Server Running
[2020-07-08T11:14:06.421Z] info Server Running
[2020-07-08T11:15:35.102Z] info Server Running
[2020-07-08T11:16:12.465Z] info The valuation of the meetup has been carried out on the following date 2020-06-01
[2020-07-08T11:17:58.110Z] info Server Running
[2020-07-08T11:18:26.004Z] info The valuation of the meetup has been carried out on the following date 2020-06-01
[2020-07-08T11:26:35.941Z] info Server Running
[2020-07-08T11:27:21.119Z] info Server Running
[2020-07-08T11:27:52.330Z] info The valuation of the meetup has been carried out on the following date 2020-06-01
[2020-07-08T11:29:16.421Z] info Server Running
[2020-07-08T11:29:36.002Z] info The valuation of the meetup has been carried out on the following date 2020-06-01
[2020-07-08T11:31:11.805Z] info Server Running
[2020-07-08T11:32:02.316Z] info The valuation of the meetup has been carried out on the following date 2020-06-01
[2020-07-08T11:32:39.713Z] info Server Running
[2020-07-08T11:33:07.491Z] info The valuation of the meetup has been carried out on the following date 2020-06-01
[2020-07-08T11:33:56.661Z] info Server Running
[2020-07-08T11:34:27.053Z] info The valuation of the meetup has been carried out on the following date 2020-06-01
[2020-07-08T11:37:03.786Z] info Server Running
[2020-07-08T11:37:41.454Z] info The valuation of the meetup has been carried out on the following date 2020-06-01
[2020-07-08T11:38:06.601Z] info Server Running
[2020-07-08T11:40:26.287Z] info Server Running
[2020-07-08T11:40:47.980Z] info The valuation of the meetup has been carried out on the following date 2020-06-01
[2020-07-08T15:20:01.111Z] info Server Running
[2020-07-08T15:24:40.471Z] info Server Running
[2020-07-08T15:25:02.277Z] info Server Running
[2020-07-08T15:26:21.050Z] info Server Running
[2020-07-08T15:26:25.739Z] info Server Running
[2020-07-08T15:26:29.247Z] info Server Running
[2020-07-08T16:14:31.175Z] info Server Running
[2020-07-08T16:23:45.017Z] info Server Running
[2020-07-08T16:42:22.984Z] info Server Running
[2020-07-08T16:44:19.975Z] info Server Running
[2020-07-08T16:46:35.123Z] info Server Running
[2020-07-08T16:47:54.338Z] info Server Running
[2020-07-08T16:48:31.733Z] info Server Running
[2020-07-09T06:55:53.441Z] info Server Running
[2020-07-09T07:21:27.238Z] info Server Running
[2020-07-09T07:23:22.362Z] info Server Running
[2020-07-09T07:34:30.019Z] info Server Running
[2020-07-09T07:46:48.103Z] info Server Running
[2020-07-09T07:50:03.703Z] info Server Running
[2020-07-09T07:53:30.259Z] info Server Running
[2020-07-09T08:03:24.928Z] info Server Running
[2020-07-09T08:15:48.133Z] info Server Running
[2020-07-09T08:18:22.763Z] info Server Running
[2020-07-09T08:21:47.065Z] info Server Running
[2020-07-09T10:23:20.378Z] info Server Running
[2020-07-09T10:24:19.260Z] info Server Running
[2020-07-09T10:24:48.598Z] info Server Running
